<?xml version="1.0" encoding="UTF-8"?>
<testsuite name="com.example.simulacao_pagamento.SimulacaoPagamentoApplicationTests" tests="1" skipped="0" failures="0" errors="0" timestamp="2024-08-26T02:10:52" hostname="DESKTOP-0867CGE" time="0.298">
  <properties/>
  <testcase name="contextLoads()" classname="com.example.simulacao_pagamento.SimulacaoPagamentoApplicationTests" time="0.298"/>
  <system-out><![CDATA[23:10:50.298 [Test worker] INFO org.springframework.test.context.support.AnnotationConfigContextLoaderUtils -- Could not detect default configuration classes for test class [com.example.simulacao_pagamento.SimulacaoPagamentoApplicationTests]: SimulacaoPagamentoApplicationTests does not declare any static, non-private, non-final, nested classes annotated with @Configuration.
23:10:50.352 [Test worker] INFO org.springframework.boot.test.context.SpringBootTestContextBootstrapper -- Found @SpringBootConfiguration com.example.simulacao_pagamento.SimulacaoPagamentoApplication for test class com.example.simulacao_pagamento.SimulacaoPagamentoApplicationTests

  .   ____          _            __ _ _
 /\\ / ___'_ __ _ _(_)_ __  __ _ \ \ \ \
( ( )\___ | '_ | '_| | '_ \/ _` | \ \ \ \
 \\/  ___)| |_)| | | | | || (_| |  ) ) ) )
  '  |____| .__|_| |_|_| |_\__, | / / / /
 =========|_|==============|___/=/_/_/_/

 :: Spring Boot ::                (v3.3.3)

2024-08-25T23:10:50.530-03:00  INFO 57552 --- [simulacao-pagamento] [    Test worker] c.e.s.SimulacaoPagamentoApplicationTests : Starting SimulacaoPagamentoApplicationTests using Java 17.0.11 with PID 57552 (started by Administrador in C:\Repositorios\simulacao-pagamento)
2024-08-25T23:10:50.530-03:00  INFO 57552 --- [simulacao-pagamento] [    Test worker] c.e.s.SimulacaoPagamentoApplicationTests : No active profile set, falling back to 1 default profile: "default"
2024-08-25T23:10:50.891-03:00  INFO 57552 --- [simulacao-pagamento] [    Test worker] .s.d.r.c.RepositoryConfigurationDelegate : Bootstrapping Spring Data JPA repositories in DEFAULT mode.
2024-08-25T23:10:50.923-03:00  INFO 57552 --- [simulacao-pagamento] [    Test worker] .s.d.r.c.RepositoryConfigurationDelegate : Finished Spring Data repository scanning in 27 ms. Found 4 JPA repository interfaces.
2024-08-25T23:10:51.158-03:00  INFO 57552 --- [simulacao-pagamento] [    Test worker] o.hibernate.jpa.internal.util.LogHelper  : HHH000204: Processing PersistenceUnitInfo [name: default]
2024-08-25T23:10:51.193-03:00  INFO 57552 --- [simulacao-pagamento] [    Test worker] org.hibernate.Version                    : HHH000412: Hibernate ORM core version 6.5.2.Final
2024-08-25T23:10:51.211-03:00  INFO 57552 --- [simulacao-pagamento] [    Test worker] o.h.c.internal.RegionFactoryInitiator    : HHH000026: Second-level cache disabled
2024-08-25T23:10:51.370-03:00  INFO 57552 --- [simulacao-pagamento] [    Test worker] o.s.o.j.p.SpringPersistenceUnitInfo      : No LoadTimeWeaver setup: ignoring JPA class transformer
2024-08-25T23:10:51.387-03:00  INFO 57552 --- [simulacao-pagamento] [    Test worker] com.zaxxer.hikari.HikariDataSource       : HikariPool-1 - Starting...
2024-08-25T23:10:51.478-03:00  INFO 57552 --- [simulacao-pagamento] [    Test worker] com.zaxxer.hikari.pool.HikariPool        : HikariPool-1 - Added connection org.postgresql.jdbc.PgConnection@4ab455e2
2024-08-25T23:10:51.479-03:00  INFO 57552 --- [simulacao-pagamento] [    Test worker] com.zaxxer.hikari.HikariDataSource       : HikariPool-1 - Start completed.
2024-08-25T23:10:51.495-03:00  WARN 57552 --- [simulacao-pagamento] [    Test worker] org.hibernate.orm.deprecation            : HHH90000025: PostgreSQLDialect does not need to be specified explicitly using 'hibernate.dialect' (remove the property setting and it will be selected by default)
2024-08-25T23:10:51.969-03:00  INFO 57552 --- [simulacao-pagamento] [    Test worker] o.h.e.t.j.p.i.JtaPlatformInitiator       : HHH000489: No JTA platform available (set 'hibernate.transaction.jta.platform' to enable JTA platform integration)
2024-08-25T23:10:52.013-03:00  INFO 57552 --- [simulacao-pagamento] [    Test worker] j.LocalContainerEntityManagerFactoryBean : Initialized JPA EntityManagerFactory for persistence unit 'default'
2024-08-25T23:10:52.299-03:00  WARN 57552 --- [simulacao-pagamento] [    Test worker] JpaBaseConfiguration$JpaWebConfiguration : spring.jpa.open-in-view is enabled by default. Therefore, database queries may be performed during view rendering. Explicitly configure spring.jpa.open-in-view to disable this warning
2024-08-25T23:10:52.577-03:00  INFO 57552 --- [simulacao-pagamento] [    Test worker] c.e.s.SimulacaoPagamentoApplicationTests : Started SimulacaoPagamentoApplicationTests in 2.148 seconds (process running for 2.752)
]]></system-out>
  <system-err><![CDATA[]]></system-err>
</testsuite>
